<?xml version="1.0" encoding="UTF-8"?>
<!-- Generated by org.testng.reporters.JUnitReportReporter -->
<testsuite hostname="Aravindanaths-MacBook-Pro.local" failures="0" tests="1" name="testscripts.TC_002" time="7.703" errors="0" timestamp="2022-12-10T09:50:07 IST" skipped="0">
  <testcase classname="testscripts.TC_002" name="TC_002" time="7.703"/>
  <system-out/>
</testsuite> <!-- testscripts.TC_002 -->
